Build started 22/03/2018 10:42:58.
     1>Project "E:\collage\HND\Programing\PROJECTS\Thomas Was Late\Thomas-Was-late\Thomas Was Late\Thomas Was Late.vcxproj" on node 2 (Build target(s)).
     1>ClCompile:
         C:\Program Files (x86)\Microsoft Visual Studio 14.0\VC\bin\CL.exe /c /I"SFML-2.4.2\include" /ZI /nologo /W3 /WX- /sdl /Od /Oy- /D WIN32 /D _DEBUG /D _CONSOLE /D _UNICODE /D UNICODE /Gm /EHsc /RTC1 /MDd /GS /fp:precise /Zc:wchar_t /Zc:forScope /Zc:inline /Yu"stdafx.h" /Fp"Debug\Thomas Was Late.pch" /Fo"Debug\\" /Fd"Debug\vc140.pdb" /Gd /TP /analyze- /errorReport:prompt DetectCollisions.cpp Draw.cpp Engine.cpp Input.cpp LoadLevel.cpp Main.cpp Update.cpp
         DetectCollisions.cpp
     1>e:\collage\hnd\programing\projects\thomas was late\thomas-was-late\thomas was late\detectcollisions.cpp(16): warning C4244: '=': conversion from 'const int' to 'float', possible loss of data
     1>e:\collage\hnd\programing\projects\thomas was late\thomas-was-late\thomas was late\detectcollisions.cpp(17): warning C4244: '=': conversion from 'const int' to 'float', possible loss of data
     1>e:\collage\hnd\programing\projects\thomas was late\thomas-was-late\thomas was late\detectcollisions.cpp(42): warning C4244: 'argument': conversion from 'int' to 'float', possible loss of data
     1>e:\collage\hnd\programing\projects\thomas was late\thomas-was-late\thomas was late\detectcollisions.cpp(47): warning C4244: 'argument': conversion from 'const int' to 'float', possible loss of data
     1>e:\collage\hnd\programing\projects\thomas was late\thomas-was-late\thomas was late\detectcollisions.cpp(56): warning C4244: '=': conversion from 'int' to 'float', possible loss of data
     1>e:\collage\hnd\programing\projects\thomas was late\thomas-was-late\thomas was late\detectcollisions.cpp(57): warning C4244: '=': conversion from 'int' to 'float', possible loss of data
     1>e:\collage\hnd\programing\projects\thomas was late\thomas-was-late\thomas was late\detectcollisions.cpp(66): warning C4244: 'argument': conversion from 'const int' to 'float', possible loss of data
         Generating Code...
         Compiling...
         Main.cpp
         Input.cpp
         Engine.cpp
     1>e:\collage\hnd\programing\projects\thomas was late\thomas-was-late\thomas was late\engine.cpp(10): warning C4244: '=': conversion from 'unsigned int' to 'float', possible loss of data
     1>e:\collage\hnd\programing\projects\thomas was late\thomas-was-late\thomas was late\engine.cpp(11): warning C4244: '=': conversion from 'unsigned int' to 'float', possible loss of data
     1>e:\collage\hnd\programing\projects\thomas was late\thomas-was-late\thomas was late\engine.cpp(13): warning C4244: 'argument': conversion from 'float' to 'unsigned int', possible loss of data
         Draw.cpp
         Generating Code...
         Skipping... (no relevant changes detected)
         Update.cpp
         LoadLevel.cpp
       Link:
         C:\Program Files (x86)\Microsoft Visual Studio 14.0\VC\bin\link.exe /ERRORREPORT:PROMPT /OUT:"E:\collage\HND\Programing\PROJECTS\Thomas Was Late\Thomas-Was-late\Thomas Was Late\Debug\Thomas Was Late.exe" /INCREMENTAL /NOLOGO /LIBPATH:"SFML-2.4.2\lib" "sfml-graphics-d.lib" "sfml-window-d.lib" "sfml-system-d.lib" kernel32.lib user32.lib gdi32.lib winspool.lib comdlg32.lib advapi32.lib shell32.lib ole32.lib oleaut32.lib uuid.lib odbc32.lib odbccp32.lib /MANIFEST /MANIFESTUAC:"level='asInvoker' uiAccess='false'" /manifest:embed /Debug /PDB:"E:\collage\HND\Programing\PROJECTS\Thomas Was Late\Thomas-Was-late\Thomas Was Late\Debug\Thomas Was Late.pdb" /SUBSYSTEM:CONSOLE /TLBID:1 /DYNAMICBASE /NXCOMPAT /IMPLIB:"E:\collage\HND\Programing\PROJECTS\Thomas Was Late\Thomas-Was-late\Thomas Was Late\Debug\Thomas Was Late.lib" /MACHINE:X86 Debug\Bob.obj
         Debug\DetectCollisions.obj
         Debug\Draw.obj
         Debug\Engine.obj
         Debug\Input.obj
         Debug\LevelManager.obj
         Debug\LoadLevel.obj
         Debug\PlayableCharacter.obj
         Debug\stdafx.obj
         Debug\TextureHolder.obj
         Debug\Main.obj
         Debug\Thomas.obj
         Debug\Update.obj
         Thomas Was Late.vcxproj -> E:\collage\HND\Programing\PROJECTS\Thomas Was Late\Thomas-Was-late\Thomas Was Late\Debug\Thomas Was Late.exe
     1>Done Building Project "E:\collage\HND\Programing\PROJECTS\Thomas Was Late\Thomas-Was-late\Thomas Was Late\Thomas Was Late.vcxproj" (Build target(s)).

Build succeeded.

Time Elapsed 00:00:03.80
